<?xml version="1.0" encoding="UTF-8"?>
<testng-results ignored="0" total="1" passed="1" failed="0" skipped="0">
  <reporter-output>
  </reporter-output>
  <suite started-at="2022-06-04T14:02:46 IST" name="Surefire suite" finished-at="2022-06-04T14:02:56 IST" duration-ms="9315">
    <groups>
    </groups>
    <test started-at="2022-06-04T14:02:46 IST" name="Surefire test" finished-at="2022-06-04T14:02:56 IST" duration-ms="9315">
      <class name="com.wallethub.tests.FacebookTest">
        <test-method is-config="true" signature="setUp()[pri:0, instance:com.wallethub.tests.FacebookTest@7e07db1f]" started-at="2022-06-04T14:02:46 IST" name="setUp" finished-at="2022-06-04T14:02:49 IST" duration-ms="2517" status="PASS">
          <reporter-output>
          </reporter-output>
        </test-method> <!-- setUp -->
        <test-method signature="facebookPostTest()[pri:0, instance:com.wallethub.tests.FacebookTest@7e07db1f]" started-at="2022-06-04T14:02:49 IST" name="facebookPostTest" finished-at="2022-06-04T14:02:55 IST" duration-ms="6648" status="PASS">
          <reporter-output>
          </reporter-output>
        </test-method> <!-- facebookPostTest -->
        <test-method is-config="true" signature="verifyingResult(org.testng.ITestResult)[pri:0, instance:com.wallethub.tests.FacebookTest@7e07db1f]" started-at="2022-06-04T14:02:55 IST" name="verifyingResult" finished-at="2022-06-04T14:02:55 IST" duration-ms="1" status="PASS">
          <params>
            <param index="0">
              <value>
                <![CDATA[[TestResult name=facebookPostTest status=SUCCESS method=FacebookTest.facebookPostTest()[pri:0, instance:com.wallethub.tests.FacebookTest@7e07db1f] output={null}]]]>
              </value>
            </param>
          </params>
          <reporter-output>
          </reporter-output>
        </test-method> <!-- verifyingResult -->
        <test-method is-config="true" signature="tearDown()[pri:0, instance:com.wallethub.tests.FacebookTest@7e07db1f]" started-at="2022-06-04T14:02:55 IST" name="tearDown" finished-at="2022-06-04T14:02:56 IST" duration-ms="123" status="PASS">
          <reporter-output>
          </reporter-output>
        </test-method> <!-- tearDown -->
      </class> <!-- com.wallethub.tests.FacebookTest -->
    </test> <!-- Surefire test -->
  </suite> <!-- Surefire suite -->
</testng-results>
