<?xml version="1.0" encoding="UTF-8"?>
<testng-results ignored="0" total="2" passed="2" failed="0" skipped="0">
  <reporter-output>
  </reporter-output>
  <suite started-at="2022-06-05T12:15:04 IST" name="EndToEndFlowSuite" finished-at="2022-06-05T12:15:31 IST" duration-ms="26568">
    <groups>
    </groups>
    <test started-at="2022-06-05T12:15:04 IST" name="FacebookTest" finished-at="2022-06-05T12:15:13 IST" duration-ms="8788">
      <class name="com.wallethub.tests.FacebookTest">
        <test-method is-config="true" signature="setUp(java.lang.String)[pri:0, instance:com.wallethub.tests.FacebookTest@15aab8c6]" started-at="2022-06-05T12:15:04 IST" name="setUp" finished-at="2022-06-05T12:15:07 IST" duration-ms="2563" status="PASS">
          <params>
            <param index="0">
              <value>
                <![CDATA[https://www.facebook.com]]>
              </value>
            </param>
          </params>
          <reporter-output>
          </reporter-output>
        </test-method> <!-- setUp -->
        <test-method signature="facebookPostTest()[pri:0, instance:com.wallethub.tests.FacebookTest@15aab8c6]" started-at="2022-06-05T12:15:07 IST" name="facebookPostTest" finished-at="2022-06-05T12:15:12 IST" duration-ms="5892" status="PASS">
          <reporter-output>
          </reporter-output>
        </test-method> <!-- facebookPostTest -->
        <test-method is-config="true" signature="verifyingResult(org.testng.ITestResult)[pri:0, instance:com.wallethub.tests.FacebookTest@15aab8c6]" started-at="2022-06-05T12:15:12 IST" name="verifyingResult" finished-at="2022-06-05T12:15:12 IST" duration-ms="2" status="PASS">
          <params>
            <param index="0">
              <value>
                <![CDATA[[TestResult name=facebookPostTest status=SUCCESS method=FacebookTest.facebookPostTest()[pri:0, instance:com.wallethub.tests.FacebookTest@15aab8c6] output={null}]]]>
              </value>
            </param>
          </params>
          <reporter-output>
          </reporter-output>
        </test-method> <!-- verifyingResult -->
        <test-method is-config="true" signature="tearDown()[pri:0, instance:com.wallethub.tests.FacebookTest@15aab8c6]" started-at="2022-06-05T12:15:12 IST" name="tearDown" finished-at="2022-06-05T12:15:13 IST" duration-ms="305" status="PASS">
          <reporter-output>
          </reporter-output>
        </test-method> <!-- tearDown -->
      </class> <!-- com.wallethub.tests.FacebookTest -->
    </test> <!-- FacebookTest -->
    <test started-at="2022-06-05T12:15:13 IST" name="WallethubTests" finished-at="2022-06-05T12:15:31 IST" duration-ms="17764">
      <class name="com.wallethub.tests.ReviewSubmissionTest">
        <test-method is-config="true" signature="setUp(java.lang.String)[pri:0, instance:com.wallethub.tests.ReviewSubmissionTest@6da21078]" started-at="2022-06-05T12:15:13 IST" name="setUp" finished-at="2022-06-05T12:15:18 IST" duration-ms="5541" status="PASS">
          <params>
            <param index="0">
              <value>
                <![CDATA[https://www.wallethub.com/profile/68565950i]]>
              </value>
            </param>
          </params>
          <reporter-output>
          </reporter-output>
        </test-method> <!-- setUp -->
        <test-method signature="submitReviewTest(java.lang.String)[pri:0, instance:com.wallethub.tests.ReviewSubmissionTest@6da21078]" started-at="2022-06-05T12:15:18 IST" name="submitReviewTest" finished-at="2022-06-05T12:15:30 IST" duration-ms="12078" status="PASS">
          <params>
            <param index="0">
              <value>
                <![CDATA[https://www.wallethub.com/profile/68565950i]]>
              </value>
            </param>
          </params>
          <reporter-output>
          </reporter-output>
        </test-method> <!-- submitReviewTest -->
        <test-method is-config="true" signature="verifyingResult(org.testng.ITestResult)[pri:0, instance:com.wallethub.tests.ReviewSubmissionTest@6da21078]" started-at="2022-06-05T12:15:30 IST" name="verifyingResult" finished-at="2022-06-05T12:15:30 IST" duration-ms="0" status="PASS">
          <params>
            <param index="0">
              <value>
                <![CDATA[[TestResult name=submitReviewTest status=SUCCESS method=ReviewSubmissionTest.submitReviewTest(java.lang.String)[pri:0, instance:com.wallethub.tests.ReviewSubmissionTest@6da21078] output={null}]]]>
              </value>
            </param>
          </params>
          <reporter-output>
          </reporter-output>
        </test-method> <!-- verifyingResult -->
        <test-method is-config="true" signature="tearDown()[pri:0, instance:com.wallethub.tests.ReviewSubmissionTest@6da21078]" started-at="2022-06-05T12:15:30 IST" name="tearDown" finished-at="2022-06-05T12:15:31 IST" duration-ms="142" status="PASS">
          <reporter-output>
          </reporter-output>
        </test-method> <!-- tearDown -->
      </class> <!-- com.wallethub.tests.ReviewSubmissionTest -->
    </test> <!-- WallethubTests -->
  </suite> <!-- EndToEndFlowSuite -->
</testng-results>
